Unable to capture context for thread 12116 in process 11512, can not generate back trace
Unable to capture context for thread 8580 in process 11512, can not generate back trace
Unable to capture context for thread 8428 in process 11512, can not generate back trace
Unable to capture context for thread 3336 in process 11512, can not generate back trace
Unable to capture context for thread 8608 in process 11512, can not generate back trace
Unable to capture context for thread 10040 in process 11512, can not generate back trace
Exception at PC 0x00007FFABCCDBB93
Printing stacktrace...

Unable to capture context for thread 8236 in process 11512, can not generate back trace
Exception at PC 0x00007FFB663FBA99
Exception at PC 0x00007FFB663FBA99
Exception at PC 0x00007FFB663FBA99
Exception at PC 0x00007FFB663FBA99
Exception at PC 0x00007FFB663FBA99
Exception at PC 0x00007FFB663FBA99
Exception at PC 0x00007FFB663FBA99
Exception at PC 0x00007FFB663FBA99
Exception at PC 0x00007FFB663FBA99
Exception at PC 0x00007FFB663FBA99
Exception at PC 0x00007FFB663FBA99
Exception at PC 0x00007FFB663FBA99
Exception at PC 0x00007FFB663FBA99
Exception at PC 0x00007FFB663FBA99
[0]  [0x00007FFABCCDBB93]
[1]  [0x00007FFABCCDBB93]
[2]  [0x00007FFABCCDB4A1]
[3]  [0x00007FFABCCDB459]
[4]  [0x00007FFABCCC19FE]
[5]  [0x00007FFABCCC0ED1]
[6]  [0x00007FFABCCC0D76]
[7]  [0x00007FFABCC679F6]
[8]  [0x00007FFABCC57AFB]
[9]  [0x00007FFABCD7E90A]
[10]  [0x00007FFABCD99F87]
[11]  [0x00007FFABCD9A05F]
[12] (BaseThreadInitThunk+0x14) [0x00007FFB68807344]
[13] (RtlUserThreadStart+0x21) [0x00007FFB68CA26B1]
Done
Exception at PC 0x00007FFB663FBA99
Exception at PC 0x00007FFB663FBA99
Exception at PC 0x00007FFB663FBA99
Exception at PC 0x00007FFB663FBA99
