INFO: [VRFC 10-163] Analyzing VHDL file "C:/Xilinx/Projects/calculator_stiintific/calculator_stiintific.srcs/sources_1/new/full_sub1bit.vhd" into library xil_defaultlib
INFO: [VRFC 10-307] analyzing entity full_sub1bit
INFO: [VRFC 10-163] Analyzing VHDL file "C:/Xilinx/Projects/calculator_stiintific/calculator_stiintific.srcs/sources_1/new/halfadder_1bit.vhd" into library xil_defaultlib
INFO: [VRFC 10-307] analyzing entity halfadder_1bit
INFO: [VRFC 10-163] Analyzing VHDL file "C:/Xilinx/Projects/calculator_stiintific/calculator_stiintific.srcs/sources_1/new/full_adder1bit.vhd" into library xil_defaultlib
INFO: [VRFC 10-307] analyzing entity full_adder1bit
INFO: [VRFC 10-163] Analyzing VHDL file "C:/Xilinx/Projects/calculator_stiintific/calculator_stiintific.srcs/sources_1/new/full_sub8bit.vhd" into library xil_defaultlib
INFO: [VRFC 10-307] analyzing entity full_sub8bit
INFO: [VRFC 10-163] Analyzing VHDL file "C:/Xilinx/Projects/calculator_stiintific/calculator_stiintific.srcs/sources_1/new/8bitadder.vhd" into library xil_defaultlib
INFO: [VRFC 10-307] analyzing entity bitadder
INFO: [VRFC 10-163] Analyzing VHDL file "C:/Xilinx/Projects/calculator_stiintific/calculator_stiintific.srcs/sources_1/new/inmultire.vhd" into library xil_defaultlib
INFO: [VRFC 10-307] analyzing entity inmultire
INFO: [VRFC 10-163] Analyzing VHDL file "C:/Xilinx/Projects/calculator_stiintific/calculator_stiintific.srcs/sources_1/new/impartire.vhd" into library xil_defaultlib
INFO: [VRFC 10-307] analyzing entity divider8
INFO: [VRFC 10-163] Analyzing VHDL file "C:/Xilinx/Projects/calculator_stiintific/calculator_stiintific.srcs/sources_1/new/debouncer.vhd" into library xil_defaultlib
INFO: [VRFC 10-307] analyzing entity debouncer
INFO: [VRFC 10-163] Analyzing VHDL file "C:/Users/Alex/Downloads/ssd.vhd" into library xil_defaultlib
INFO: [VRFC 10-307] analyzing entity SSD
INFO: [VRFC 10-163] Analyzing VHDL file "C:/Xilinx/Projects/calculator_stiintific/calculator_stiintific.srcs/sources_1/new/ALU.vhd" into library xil_defaultlib
INFO: [VRFC 10-307] analyzing entity ALU
